This file contains any messages produced by compilers while
running CMake, to aid debugging if configure makes a mistake.

It was created by VivePlugin CMake configuration process 0.0.1, which was
generated by CMake 3.23.2.

## --------- ##
## Platform. ##
## --------- ##

hostname = abder-Precision-7560
system = Linux-5.14.0-1042-oem
processor = x86_64
generator = Unix Makefiles

PATH /home/carole/mc_rtc_install/bin
PATH /opt/ros/noetic/bin
PATH /home/carole/mc_rtc_install/bin
PATH /usr/local/sbin
PATH /usr/local/bin
PATH /usr/sbin
PATH /usr/bin
PATH /sbin
PATH /bin
PATH /usr/games
PATH /usr/local/games
PATH /snap/bin
PATH /home/carole/.dotnet/tools

PKG_CONFIG_PATH /home/carole/mc_rtc_install/lib/pkgconfig
PKG_CONFIG_PATH /home/carole/src/catkin_ws/devel/lib/pkgconfig
PKG_CONFIG_PATH /home/carole/src/catkin_data_ws/devel/lib/pkgconfig
PKG_CONFIG_PATH /opt/ros/noetic/lib/pkgconfig
PKG_CONFIG_PATH /opt/ros/noetic/lib/x86_64-linux-gnu/pkgconfig
PKG_CONFIG_PATH /home/carole/mc_rtc_install/lib/pkgconfig

## ---------------- ##
## CMake variables. ##
## ---------------- ##

CMAKE_ROOT = /usr/share/cmake-3.23
CMAKE_INCLUDE_PATH = 
CMAKE_LIBRARY_PATH = 
CMAKE_PREFIX_PATH = 
CMAKE_INSTALL_ALWAYS = 
CMAKE_SKIP_RPATH = NO
CMAKE_SUPPRESS_REGENERATION = 
BUILD_SHARED_LIBS = 

CMAKE_INSTALL_PREFIX = /usr/local
PROJECT_SOURCE_DIR = /home/carole/src/mc_vive_plugin
PROJECT_SOURCE_DIR = /home/carole/src/mc_vive_plugin
PROJECT_BINARY_DIR = /home/carole/src/mc_vive_plugin/build
CMAKE_BINARY_DIR = /home/carole/src/mc_vive_plugin/build

CMAKE_AR = /usr/bin/ar
CMAKE_RANLIB = /usr/bin/ranlib
CMAKE_BUILD_TYPE = 
CMAKE_CONFIGURATION_TYPES = 
CMAKE_SHARED_LINKER_FLAGS = 

CMAKE_C_COMPILER = 
CMAKE_C_FLAGS = 
CMAKE_C_FLAGS_DEBUG = 
CMAKE_C_FLAGS_RELEASE = 
CMAKE_CXX_COMPILER = /usr/bin/c++
CMAKE_CXX_FLAGS = -Werror  -pedantic -Wno-long-long -Wall -Wextra -Wcast-align -Wcast-qual -Wformat -Wwrite-strings -Wconversion 
CMAKE_CXX_FLAGS_DEBUG = -g
CMAKE_CXX_FLAGS_RELEASE = -O3 -DNDEBUG
CMAKE_CXX_FLAGS_RELWITHDEBINFO = -O2 -g -DNDEBUG

CMAKE_STATIC_LIBRARY_PREFIX = lib
CMAKE_STATIC_LIBRARY_SUFFIX = .a
CMAKE_SHARED_LIBRARY_PREFIX = lib
CMAKE_SHARED_LIBRARY_SUFFIX = .so
CMAKE_SHARED_MODULE_PREFIX = lib
CMAKE_SHARED_MODULE_SUFFIX = .so

## ------------------ ##
## Watched variables. ##
## ------------------ ##

WARNING_CXX_FLAGS = -Werror  -pedantic -Wno-long-long -Wall -Wextra -Wcast-align -Wcast-qual -Wformat -Wwrite-strings -Wconversion
_PKG_CONFIG_FOUND = undefined
PKG_CONFIG_EXECUTABLE = /usr/bin/pkg-config
_PKG_CONFIG_PREFIX = /usr/local
_PKG_CONFIG_EXEC_PREFIX = /usr/local
_PKG_CONFIG_LIBDIR = /home/carole/mc_rtc_install/lib
_PKG_CONFIG_BINDIR = /usr/local/bin
_PKG_CONFIG_PKGLIBDIR = /usr/local/lib/VivePlugin
_PKG_CONFIG_INCLUDEDIR = /usr/local/include
_PKG_CONFIG_DATAROOTDIR = /usr/local/share
_PKG_CONFIG_PKGDATAROOTDIR = /usr/local/share
_PKG_CONFIG_DOCDIR = /usr/local/share/doc/VivePlugin
_PKG_CONFIG_DOXYGENDOCDIR = /usr/local/share/doc/VivePlugin/doxygen-html
_PKG_CONFIG_PROJECT_NAME = VivePlugin
_PKG_CONFIG_DESCRIPTION = 
_PKG_CONFIG_URL = 
_PKG_CONFIG_VERSION = 0.0.1
_PKG_CONFIG_REQUIRES = 
_PKG_CONFIG_REQUIRES_DEBUG = 
_PKG_CONFIG_REQUIRES_OPTIMIZED = 
_PKG_CONFIG_COMPILE_TIME_REQUIRES = 
_PKG_CONFIG_CONFLICTS = 
_PKG_CONFIG_LIBS = 
_PKG_CONFIG_LIBS_DEBUG = -L${libdir}
_PKG_CONFIG_LIBS_OPTIMIZED = -L${libdir}
_PKG_CONFIG_LIBS_PRIVATE = 
_PKG_CONFIG_CFLAGS = -I${includedir}
_PKG_CONFIG_CFLAGS_DEBUG = 
_PKG_CONFIG_CFLAGS_OPTIMIZED = 
_PKG_CONFIG_FILENAME = VivePlugin.pc
PKG_CONFIG_EXTRA = 
DOXYGEN_SKIP_DOT = undefined
DOXYGEN_EXECUTABLE = /usr/bin/doxygen
DOXYGEN_FOUND = YES
DOXYGEN_DOT_EXECUTABLE = /usr/bin/dot
DOXYGEN_DOT_FOUND = YES
DOXYGEN_DOT_PATH = /usr/bin
DOXYGEN_DOT_IMAGE_FORMAT = undefined
DOXYGEN_USE_MATHJAX = undefined
DOXYGEN_USE_TEMPLATE_CSS = undefined
## ---------------- ##
## Watched targets. ##
## ---------------- ##

