Performing C++ SOURCE FILE Test CMAKE_HAVE_LIBC_PTHREAD failed with the following output:
Change Dir: /home/carole/src/mc_vive_plugin/build/CMakeFiles/CMakeTmp

Run Build Command(s):/usr/bin/make -f Makefile cmTC_27514/fast && /usr/bin/make  -f CMakeFiles/cmTC_27514.dir/build.make CMakeFiles/cmTC_27514.dir/build
make[1]: Entering directory '/home/carole/src/mc_vive_plugin/build/CMakeFiles/CMakeTmp'
Building CXX object CMakeFiles/cmTC_27514.dir/src.cxx.o
/usr/bin/c++ -DCMAKE_HAVE_LIBC_PTHREAD  -Werror  -pedantic -Wno-long-long -Wall -Wextra -Wcast-align -Wcast-qual -Wformat -Wwrite-strings -Wconversion   -o CMakeFiles/cmTC_27514.dir/src.cxx.o -c /home/carole/src/mc_vive_plugin/build/CMakeFiles/CMakeTmp/src.cxx
Linking CXX executable cmTC_27514
/usr/bin/cmake -E cmake_link_script CMakeFiles/cmTC_27514.dir/link.txt --verbose=1
/usr/bin/c++ -Werror  -pedantic -Wno-long-long -Wall -Wextra -Wcast-align -Wcast-qual -Wformat -Wwrite-strings -Wconversion   -rdynamic CMakeFiles/cmTC_27514.dir/src.cxx.o -o cmTC_27514 
/usr/bin/ld: CMakeFiles/cmTC_27514.dir/src.cxx.o: in function `main':
src.cxx:(.text+0x46): undefined reference to `pthread_create'
/usr/bin/ld: src.cxx:(.text+0x52): undefined reference to `pthread_detach'
/usr/bin/ld: src.cxx:(.text+0x5e): undefined reference to `pthread_cancel'
/usr/bin/ld: src.cxx:(.text+0x6f): undefined reference to `pthread_join'
collect2: error: ld returned 1 exit status
make[1]: *** [CMakeFiles/cmTC_27514.dir/build.make:99: cmTC_27514] Error 1
make[1]: Leaving directory '/home/carole/src/mc_vive_plugin/build/CMakeFiles/CMakeTmp'
make: *** [Makefile:127: cmTC_27514/fast] Error 2


Source file was:
#include <pthread.h>

static void* test_func(void* data)
{
  return data;
}

int main(void)
{
  pthread_t thread;
  pthread_create(&thread, NULL, test_func, NULL);
  pthread_detach(thread);
  pthread_cancel(thread);
  pthread_join(thread, NULL);
  pthread_atfork(NULL, NULL, NULL);
  pthread_exit(NULL);

  return 0;
}

Determining if the function pthread_create exists in the pthreads failed with the following output:
Change Dir: /home/carole/src/mc_vive_plugin/build/CMakeFiles/CMakeTmp

Run Build Command(s):/usr/bin/make -f Makefile cmTC_2db4b/fast && /usr/bin/make  -f CMakeFiles/cmTC_2db4b.dir/build.make CMakeFiles/cmTC_2db4b.dir/build
make[1]: Entering directory '/home/carole/src/mc_vive_plugin/build/CMakeFiles/CMakeTmp'
Building CXX object CMakeFiles/cmTC_2db4b.dir/CheckFunctionExists.cxx.o
/usr/bin/c++   -Werror  -pedantic -Wno-long-long -Wall -Wextra -Wcast-align -Wcast-qual -Wformat -Wwrite-strings -Wconversion  -DCHECK_FUNCTION_EXISTS=pthread_create -o CMakeFiles/cmTC_2db4b.dir/CheckFunctionExists.cxx.o -c /home/carole/src/mc_vive_plugin/build/CMakeFiles/CheckLibraryExists/CheckFunctionExists.cxx
Linking CXX executable cmTC_2db4b
/usr/bin/cmake -E cmake_link_script CMakeFiles/cmTC_2db4b.dir/link.txt --verbose=1
/usr/bin/c++ -Werror  -pedantic -Wno-long-long -Wall -Wextra -Wcast-align -Wcast-qual -Wformat -Wwrite-strings -Wconversion  -DCHECK_FUNCTION_EXISTS=pthread_create -rdynamic CMakeFiles/cmTC_2db4b.dir/CheckFunctionExists.cxx.o -o cmTC_2db4b  -lpthreads 
/usr/bin/ld: cannot find -lpthreads
collect2: error: ld returned 1 exit status
make[1]: *** [CMakeFiles/cmTC_2db4b.dir/build.make:99: cmTC_2db4b] Error 1
make[1]: Leaving directory '/home/carole/src/mc_vive_plugin/build/CMakeFiles/CMakeTmp'
make: *** [Makefile:127: cmTC_2db4b/fast] Error 2



